09, 15, 2015 (14:29:05): Opening rpy file C:\Program Files (x86)\IBM\Rational\Rhapsody Modeler\7.5\Share\Properties\PredefinedTypes.sbs
09, 15, 2015 (14:29:05): 
 Started loading C:\Program Files (x86)\IBM\Rational\Rhapsody Modeler\7.5\Share\Properties\PredefinedTypes.sbs on Tuesday, September 15, 2015 (14:29:05).-

09, 15, 2015 (14:29:05): 

Starting inUnit resolution phase


09, 15, 2015 (14:29:05): 

Finished inUnit resolution phase


09, 15, 2015 (14:29:05): 
 Finished loading C:\Program Files (x86)\IBM\Rational\Rhapsody Modeler\7.5\Share\Properties\PredefinedTypes.sbs on Tuesday, September 15, 2015 (14:29:05).-

09, 15, 2015 (14:29:05): Opening rpy file C:\Program Files (x86)\IBM\Rational\Rhapsody Modeler\7.5\Share\Properties\PredefinedTypesC++.sbs
09, 15, 2015 (14:29:05): 
 Started loading C:\Program Files (x86)\IBM\Rational\Rhapsody Modeler\7.5\Share\Properties\PredefinedTypesC++.sbs on Tuesday, September 15, 2015 (14:29:05).-

09, 15, 2015 (14:29:05): 

Starting inUnit resolution phase


09, 15, 2015 (14:29:05): 

Finished inUnit resolution phase


09, 15, 2015 (14:29:05): 
 Finished loading C:\Program Files (x86)\IBM\Rational\Rhapsody Modeler\7.5\Share\Properties\PredefinedTypesC++.sbs on Tuesday, September 15, 2015 (14:29:05).-

09, 15, 2015 (14:29:05): Opening rpy file Q:\My Documents\SMT_Lab_2\SMT_Lab_2.rpy
09, 15, 2015 (14:29:05): 
 Started loading Q:\My Documents\SMT_Lab_2\SMT_Lab_2.rpy on Tuesday, September 15, 2015 (14:29:05).-

09, 15, 2015 (14:29:05): Opening rpy file Q:\My Documents\SMT_Lab_2\SMT_Lab_2_rpy\Default.sbs
09, 15, 2015 (14:29:05): 
 Started loading Q:\My Documents\SMT_Lab_2\SMT_Lab_2_rpy\Default.sbs on Tuesday, September 15, 2015 (14:29:05).-

09, 15, 2015 (14:29:05): 

Starting inUnit resolution phase


09, 15, 2015 (14:29:05): 

Finished inUnit resolution phase


09, 15, 2015 (14:29:05): 
 Finished loading Q:\My Documents\SMT_Lab_2\SMT_Lab_2_rpy\Default.sbs on Tuesday, September 15, 2015 (14:29:05).-

09, 15, 2015 (14:29:05): Opening rpy file Q:\My Documents\SMT_Lab_2\SMT_Lab_2_rpy\Users.sbs
09, 15, 2015 (14:29:05): 
 Started loading Q:\My Documents\SMT_Lab_2\SMT_Lab_2_rpy\Users.sbs on Tuesday, September 15, 2015 (14:29:05).-

09, 15, 2015 (14:29:05): 

Starting inUnit resolution phase


09, 15, 2015 (14:29:05): 

Finished inUnit resolution phase


09, 15, 2015 (14:29:05): 
 Finished loading Q:\My Documents\SMT_Lab_2\SMT_Lab_2_rpy\Users.sbs on Tuesday, September 15, 2015 (14:29:05).-

09, 15, 2015 (14:29:05): Opening rpy file Q:\My Documents\SMT_Lab_2\SMT_Lab_2_rpy\BankAccounts.sbs
09, 15, 2015 (14:29:05): 
 Started loading Q:\My Documents\SMT_Lab_2\SMT_Lab_2_rpy\BankAccounts.sbs on Tuesday, September 15, 2015 (14:29:05).-

09, 15, 2015 (14:29:05): 

Starting inUnit resolution phase


09, 15, 2015 (14:29:05): 

Finished inUnit resolution phase


09, 15, 2015 (14:29:05): 
 Finished loading Q:\My Documents\SMT_Lab_2\SMT_Lab_2_rpy\BankAccounts.sbs on Tuesday, September 15, 2015 (14:29:05).-

09, 15, 2015 (14:29:05): Opening rpy file Q:\My Documents\SMT_Lab_2\SMT_Lab_2_rpy\Transactions.sbs
09, 15, 2015 (14:29:05): 
 Started loading Q:\My Documents\SMT_Lab_2\SMT_Lab_2_rpy\Transactions.sbs on Tuesday, September 15, 2015 (14:29:05).-

09, 15, 2015 (14:29:05): 

Starting inUnit resolution phase


09, 15, 2015 (14:29:05): 

Finished inUnit resolution phase


09, 15, 2015 (14:29:05): 
 Finished loading Q:\My Documents\SMT_Lab_2\SMT_Lab_2_rpy\Transactions.sbs on Tuesday, September 15, 2015 (14:29:05).-

09, 15, 2015 (14:29:05): Opening rpy file Q:\My Documents\SMT_Lab_2\SMT_Lab_2_rpy\DefaultComponent.cmp
09, 15, 2015 (14:29:05): 
 Started loading Q:\My Documents\SMT_Lab_2\SMT_Lab_2_rpy\DefaultComponent.cmp on Tuesday, September 15, 2015 (14:29:05).-

09, 15, 2015 (14:29:05): 

Starting inUnit resolution phase


09, 15, 2015 (14:29:05): 

Finished inUnit resolution phase


09, 15, 2015 (14:29:05): 
 Finished loading Q:\My Documents\SMT_Lab_2\SMT_Lab_2_rpy\DefaultComponent.cmp on Tuesday, September 15, 2015 (14:29:05).-

09, 15, 2015 (14:29:05): 

Starting inUnit resolution phase


09, 15, 2015 (14:29:05): 

Finished inUnit resolution phase


09, 15, 2015 (14:29:05): 

Starting inUnit resolution phase


09, 15, 2015 (14:29:05): 

Finished inUnit resolution phase


09, 15, 2015 (14:29:05): 

Starting inUnit resolution phase


09, 15, 2015 (14:29:05): 

Finished inUnit resolution phase


09, 15, 2015 (14:29:05): 
 Finished loading Q:\My Documents\SMT_Lab_2\SMT_Lab_2.rpy on Tuesday, September 15, 2015 (14:29:05).-

09, 15, 2015 (14:29:05): Starting checks of EventsBaseID conflicts
09, 15, 2015 (14:29:05): Finished checks of EventsBaseID conflicts
09, 15, 2015 (14:29:05): End Log
