09, 15, 2015 (15:54:53): Starting Pre-Save actions

09, 15, 2015 (15:54:53): Starting Dialogs Check/Save
09, 15, 2015 (15:54:53): Finished Dialogs Check/Save
09, 15, 2015 (15:54:53): Starting Controlled Files Resolution
09, 15, 2015 (15:54:53): Finished Controlled Files Resolution
09, 15, 2015 (15:54:53): Finished Pre-Save actions

09, 15, 2015 (15:54:53): Creating Q:\My Documents\SMT_Lab_2\SMT_Lab_2.rpy
09, 15, 2015 (15:54:53): 
Started writing Q:\My Documents\SMT_Lab_2\SMT_Lab_2.rpy on Tuesday, September 15, 2015 (15:54:53)

09, 15, 2015 (15:54:53): version 8.5.2
09, 15, 2015 (15:54:53): 
Started writing Q:\My Documents\SMT_Lab_2\SMT_Lab_2_rpy\filesTable.dat on Tuesday, September 15, 2015 (15:54:53)

09, 15, 2015 (15:54:53): Finished writing Q:\My Documents\SMT_Lab_2\SMT_Lab_2_rpy\filesTable.dat on Tuesday, September 15, 2015 (15:54:53)

09, 15, 2015 (15:54:53): Creating Q:\My Documents\SMT_Lab_2\SMT_Lab_2_rpy\BankAccounts.sbs
09, 15, 2015 (15:54:53): 
Started writing Q:\My Documents\SMT_Lab_2\SMT_Lab_2_rpy\BankAccounts.sbs on Tuesday, September 15, 2015 (15:54:53)

09, 15, 2015 (15:54:53): version 8.5.2
09, 15, 2015 (15:54:53): Finished writing Q:\My Documents\SMT_Lab_2\SMT_Lab_2_rpy\BankAccounts.sbs on Tuesday, September 15, 2015 (15:54:53)

09, 15, 2015 (15:54:53): Finished writing Q:\My Documents\SMT_Lab_2\SMT_Lab_2.rpy on Tuesday, September 15, 2015 (15:54:53)

09, 15, 2015 (15:54:53): End Log
